Cocos2d: 
<dict>
	cocos2d.x.version: quick-cocos2d-x 2.2.6
	cocos2d.x.compiled_with_profiler: false
	cocos2d.x.compiled_with_gl_state_cache: true
	gl.vendor: Intel Inc.
	gl.renderer: Intel(R) Iris(TM) Plus Graphics 640
	gl.version: 2.1 INTEL-10.25.17
	gl.max_texture_size: 16384
	gl.max_texture_units: 16
	gl.supports_PVRTC: false
	gl.supports_NPOT: true
	gl.supports_BGRA8888: false
	gl.supports_discard_framebuffer: false
	gl.supports_vertex_array_object: true
</dict>
Cocos2d: [LUA ERROR] [string ""]:1: module 'ldt_debugger' not found:ldt_debugger: bad header in precompiled chunk
	no file './ldt_debugger.lua'
	no file '/usr/local/share/lua/5.1/ldt_debugger.lua'
	no file '/usr/local/share/lua/5.1/ldt_debugger/init.lua'
	no file '/usr/local/lib/lua/5.1/ldt_debugger.lua'
	no file '/usr/local/lib/lua/5.1/ldt_debugger/init.lua'
	no file '/Users/WorkSpace/laiya_src_lua_doc/md5test/scripts/ldt_debugger.lua'
	no file './ldt_debugger.so'
	no file '/usr/local/lib/lua/5.1/ldt_debugger.so'
	no file '/usr/local/lib/lua/5.1/loadall.so'
Cocos2d: lua_loadChunksFromZIP() - load zip file: /Users/DevSoft/QuickDev/quick-cocos2dx-2.2.6/lib/framework_precompiled/framework_precompiled.zip
Cocos2d: lua_loadChunksFromZIP() - loaded chunks count: 125
Cocos2d: ------------------------------------------------
Cocos2d: LOAD LUA FILE: /Users/WorkSpace/laiya_src_lua_doc/md5test/scripts/main.lua
Cocos2d: ------------------------------------------------
Cocos2d: [0.1194] [INFO] 
Cocos2d: [0.1194] [INFO] # DEBUG                        = 0
Cocos2d: [0.1194] [INFO] #
Cocos2d: [0.1196] [INFO] # device.platform              = mac
Cocos2d: [0.1196] [INFO] # device.model                 = unknown
Cocos2d: [0.1196] [INFO] # device.language              = cn
Cocos2d: [0.1196] [INFO] # device.writablePath          = /Users/WorkSpace/laiya_src_lua_doc/md5test/
Cocos2d: [0.1196] [INFO] # device.cachePath             = /Users/WorkSpace/laiya_src_lua_doc/md5test/
Cocos2d: [0.1196] [INFO] # device.directorySeparator    = /
Cocos2d: [0.1196] [INFO] # device.pathSeparator         = :
Cocos2d: [0.1197] [INFO] #
Cocos2d: [0.1212] [INFO] # CONFIG_SCREEN_AUTOSCALE      = FIXED_HEIGHT
Cocos2d: [0.1212] [INFO] # CONFIG_SCREEN_WIDTH          = 960.00
Cocos2d: [0.1212] [INFO] # CONFIG_SCREEN_HEIGHT         = 640.00
Cocos2d: [0.1212] [INFO] # display.widthInPixels        = 960.00
Cocos2d: [0.1212] [INFO] # display.heightInPixels       = 640.00
Cocos2d: [0.1212] [INFO] # display.contentScaleFactor   = 1.00
Cocos2d: [0.1212] [INFO] # display.width                = 960.00
Cocos2d: [0.1212] [INFO] # display.height               = 640.00
Cocos2d: [0.1212] [INFO] # display.cx                   = 480.00
Cocos2d: [0.1212] [INFO] # display.cy                   = 320.00
Cocos2d: [0.1213] [INFO] # display.left                 = 0.00
Cocos2d: [0.1213] [INFO] # display.right                = 960.00
Cocos2d: [0.1213] [INFO] # display.top                  = 640.00
Cocos2d: [0.1213] [INFO] # display.bottom               = 0.00
Cocos2d: [0.1213] [INFO] # display.c_left               = -480.00
Cocos2d: [0.1213] [INFO] # display.c_right              = 480.00
Cocos2d: [0.1213] [INFO] # display.c_top                = 320.00
Cocos2d: [0.1213] [INFO] # display.c_bottom             = -320.00
Cocos2d: [0.1213] [INFO] #
Cocos2d: BaseFactory
Cocos2d: printTickCount tickcount:1 thisptr:1363168 msCCDBManager:0, sizeof(176) 128, 24
Cocos2d: [Edit text] content size = (250.000000, 60.000000)
Cocos2d: [EditBox] pos x = -125.000000, y = 30.000000
Cocos2d: [EditBox] pos x = 415.000000, y = 450.000000
Cocos2d: [Edit text] content size = (250.000000, 60.000000)
Cocos2d: [EditBox] pos x = -125.000000, y = 30.000000
Cocos2d: [EditBox] pos x = 415.000000, y = 350.000000
Cocos2d: [0.1802] [INFO] userdata: 0x608000c51e18 [EventProtocol] addEventListener() - event: CLICKED_EVENT, handle: 1, tag: 
Cocos2d: [EditBox] pos x = 415.000000, y = 450.000000
Cocos2d: [EditBox] pos x = 415.000000, y = 350.000000
2017-09-28 16:29:36.922 player[95411:3220169] Persistent UI failed to open file file:///Users/bj/Library/Saved%20Applicat